                            OLS Regression Results                            
==============================================================================
Dep. Variable:                      y   R-squared:                       0.005
Model:                            OLS   Adj. R-squared:                  0.005
Method:                 Least Squares   F-statistic:                     159.1
Date:                Fri, 01 Sep 2017   Prob (F-statistic):           2.17e-36
Time:                        14:25:07   Log-Likelihood:                -70681.
No. Observations:               34718   AIC:                         1.414e+05
Df Residuals:                   34717   BIC:                         1.414e+05
Df Model:                           1                                         
Covariance Type:            nonrobust                                         
==============================================================================
                 coef    std err          t      P>|t|      [0.025      0.975]
------------------------------------------------------------------------------
x1            -0.0014      0.000    -12.612      0.000      -0.002      -0.001
==============================================================================
Omnibus:                     8557.894   Durbin-Watson:                   0.282
Prob(Omnibus):                  0.000   Jarque-Bera (JB):            27892.517
Skew:                           1.247   Prob(JB):                         0.00
Kurtosis:                       6.614   Cond. No.                         1.00
==============================================================================

Warnings:
[1] Standard Errors assume that the covariance matrix of the errors is correctly specified.
