                            OLS Regression Results                            
==============================================================================
Dep. Variable:                      y   R-squared:                       0.002
Model:                            OLS   Adj. R-squared:                  0.002
Method:                 Least Squares   F-statistic:                     85.77
Date:                Fri, 01 Sep 2017   Prob (F-statistic):           2.13e-20
Time:                        14:25:03   Log-Likelihood:                -56658.
No. Observations:               34718   AIC:                         1.133e+05
Df Residuals:                   34717   BIC:                         1.133e+05
Df Model:                           1                                         
Covariance Type:            nonrobust                                         
==============================================================================
                 coef    std err          t      P>|t|      [0.025      0.975]
------------------------------------------------------------------------------
x1            -0.0007    7.4e-05     -9.261      0.000      -0.001      -0.001
==============================================================================
Omnibus:                    18570.056   Durbin-Watson:                   0.446
Prob(Omnibus):                  0.000   Jarque-Bera (JB):           215058.404
Skew:                           2.333   Prob(JB):                         0.00
Kurtosis:                      14.264   Cond. No.                         1.00
==============================================================================

Warnings:
[1] Standard Errors assume that the covariance matrix of the errors is correctly specified.
